<?xml version="1.0" encoding="UTF-8"?>
<!-- Generated by org.testng.reporters.JUnitReportReporter -->
<testsuite hostname="CSCO-W-PF2RNYDC" failures="0" tests="1" name="com.testng.TestJenk" time="0.014" errors="0" timestamp="17 Jan 2023 09:24:49 GMT">
  <testcase classname="com.testng.TestJenk" name="test1" time="0.014"/>
</testsuite> <!-- com.testng.TestJenk -->
