<?xml version="1.0" encoding="UTF-8"?>
<!-- Generated by org.testng.reporters.JUnitReportReporter -->
<testsuite hostname="CSCO-W-PF2RNYDC" failures="0" tests="1" name="com.test.Caluculator" time="0.011" errors="0" timestamp="2023-01-02T15:15:51 IST" skipped="0">
  <testcase classname="com.test.Caluculator" name="Test1" time="0.011"/>
  <system-out/>
</testsuite> <!-- com.test.Caluculator -->
