<?xml version="1.0" encoding="UTF-8"?>
<!-- Generated by org.testng.reporters.JUnitReportReporter -->
<testsuite hostname="CSCO-W-PF2RNYDC" failures="0" tests="2" name="com.test.TestOperations" time="0.012" errors="0" timestamp="2023-01-02T15:37:15 IST" skipped="0">
  <testcase classname="com.test.TestOperations" name="Test1" time="0.011"/>
  <system-out/>
  <testcase classname="com.test.TestOperations" name="Test2" time="0.001"/>
  <system-out/>
</testsuite> <!-- com.test.TestOperations -->
