<?xml version="1.0" encoding="UTF-8"?>
<!-- Generated by org.testng.reporters.JUnitReportReporter -->
<testsuite hostname="CSCO-W-PF2RNYDC" failures="0" tests="4" name="com.testdd.ClassTdd" time="0.025" errors="0" timestamp="2023-01-04T14:36:10 IST" skipped="0">
  <testcase classname="com.testdd.ClassTdd" name="Test2" time="0.010"/>
  <system-out/>
  <testcase classname="com.testdd.ClassTdd" name="Test1" time="0.011"/>
  <system-out/>
  <testcase classname="com.testdd.ClassTdd" name="Test4" time="0.002"/>
  <system-out/>
  <testcase classname="com.testdd.ClassTdd" name="Test3" time="0.002"/>
  <system-out/>
</testsuite> <!-- com.testdd.ClassTdd -->
