<?xml version="1.0" encoding="UTF-8"?>
<!-- Generated by org.testng.reporters.JUnitReportReporter -->
<testsuite skipped="0" hostname="CSCO-W-PF2RNYDC" name="com.testMobile.testClass" tests="1" failures="0" timestamp="2023-03-17T23:55:58 IST" time="65.713" errors="0">
  <testcase name="TestRestaurant" time="65.713" classname="com.testMobile.testClass"/>
  <system-out/>
</testsuite> <!-- com.testMobile.testClass -->
