<?xml version="1.0" encoding="UTF-8"?>
<!-- Generated by org.testng.reporters.JUnitReportReporter -->
<testsuite hostname="CSCO-W-PF2RNYDC" failures="0" tests="2" name="com.report.testgroups.TestGroups" time="0.006" errors="0" timestamp="2023-01-04T17:16:49 IST" skipped="0">
  <testcase classname="com.report.testgroups.TestGroups" name="Test2" time="0.000"/>
  <system-out/>
  <testcase classname="com.report.testgroups.TestGroups" name="Test1" time="0.006"/>
  <system-out/>
</testsuite> <!-- com.report.testgroups.TestGroups -->
