<?xml version="1.0" encoding="UTF-8"?>
<!-- Generated by org.testng.reporters.JUnitReportReporter -->
<testsuite hostname="CSCO-W-PF2RNYDC" failures="0" tests="2" name="com.report.playy.PlayTest" time="0.017" errors="0" timestamp="2023-01-04T16:39:59 IST" skipped="0">
  <testcase classname="com.report.playy.PlayTest" name="Test1" time="0.016"/>
  <system-out/>
  <testcase classname="com.report.playy.PlayTest" name="Test2" time="0.001"/>
  <system-out/>
</testsuite> <!-- com.report.playy.PlayTest -->
